<?xml version="1.0" encoding="UTF-8"?>
<coverage generated="1734913412237" clover="3.2.0">
  <project timestamp="1734913412237" name="All files">
    <metrics statements="105" coveredstatements="85" conditionals="50" coveredconditionals="39" methods="21" coveredmethods="20" elements="176" coveredelements="144" complexity="0" loc="105" ncloc="105" packages="2" files="2" classes="2"/>
    <package name="src">
      <metrics statements="97" coveredstatements="78" conditionals="49" coveredconditionals="38" methods="18" coveredmethods="18"/>
      <file name="utils.ts" path="/Users/stephenzweibel/Apps/web-reader/src/utils.ts">
        <metrics statements="97" coveredstatements="78" conditionals="49" coveredconditionals="38" methods="18" coveredmethods="18"/>
        <line num="2" count="4" type="stmt"/>
        <line num="12" count="4" type="stmt"/>
        <line num="13" count="4" type="stmt"/>
        <line num="14" count="4" type="stmt"/>
        <line num="17" count="28" type="cond" truecount="3" falsecount="0"/>
        <line num="18" count="3" type="stmt"/>
        <line num="21" count="28" type="stmt"/>
        <line num="22" count="28" type="stmt"/>
        <line num="24" count="28" type="cond" truecount="2" falsecount="0"/>
        <line num="25" count="7" type="stmt"/>
        <line num="26" count="21" type="cond" truecount="2" falsecount="0"/>
        <line num="27" count="3" type="stmt"/>
        <line num="30" count="18" type="stmt"/>
        <line num="31" count="1" type="stmt"/>
        <line num="33" count="18" type="cond" truecount="1" falsecount="1"/>
        <line num="34" count="0" type="stmt"/>
        <line num="36" count="18" type="stmt"/>
        <line num="40" count="28" type="stmt"/>
        <line num="45" count="56" type="cond" truecount="3" falsecount="0"/>
        <line num="47" count="28" type="stmt"/>
        <line num="48" count="28" type="stmt"/>
        <line num="50" count="28" type="stmt"/>
        <line num="51" count="28" type="stmt"/>
        <line num="52" count="28" type="stmt"/>
        <line num="54" count="28" type="stmt"/>
        <line num="55" count="28" type="cond" truecount="1" falsecount="1"/>
        <line num="56" count="28" type="stmt"/>
        <line num="61" count="27" type="cond" truecount="2" falsecount="0"/>
        <line num="62" count="25" type="stmt"/>
        <line num="67" count="25" type="stmt"/>
        <line num="69" count="3" type="cond" truecount="1" falsecount="1"/>
        <line num="71" count="28" type="stmt"/>
        <line num="72" count="28" type="stmt"/>
        <line num="73" count="28" type="stmt"/>
        <line num="78" count="6" type="stmt"/>
        <line num="79" count="6" type="stmt"/>
        <line num="80" count="6" type="cond" truecount="1" falsecount="0"/>
        <line num="81" count="2" type="stmt"/>
        <line num="86" count="2" type="stmt"/>
        <line num="87" count="2" type="stmt"/>
        <line num="91" count="4" type="stmt"/>
        <line num="93" count="4" type="cond" truecount="1" falsecount="0"/>
        <line num="95" count="28" type="cond" truecount="1" falsecount="0"/>
        <line num="96" count="28" type="stmt"/>
        <line num="99" count="4" type="stmt"/>
        <line num="100" count="1" type="stmt"/>
        <line num="103" count="4" type="stmt"/>
        <line num="104" count="2" type="stmt"/>
        <line num="107" count="4" type="stmt"/>
        <line num="108" count="10" type="cond" truecount="1" falsecount="0"/>
        <line num="110" count="9" type="stmt"/>
        <line num="111" count="9" type="stmt"/>
        <line num="112" count="9" type="stmt"/>
        <line num="113" count="9" type="stmt"/>
        <line num="114" count="9" type="cond" truecount="2" falsecount="0"/>
        <line num="116" count="9" type="stmt"/>
        <line num="117" count="9" type="stmt"/>
        <line num="118" count="9" type="stmt"/>
        <line num="119" count="9" type="cond" truecount="2" falsecount="0"/>
        <line num="121" count="9" type="cond" truecount="2" falsecount="0"/>
        <line num="122" count="1" type="stmt"/>
        <line num="123" count="8" type="cond" truecount="2" falsecount="0"/>
        <line num="124" count="2" type="cond" truecount="2" falsecount="0"/>
        <line num="125" count="2" type="cond" truecount="1" falsecount="0"/>
        <line num="126" count="2" type="stmt"/>
        <line num="128" count="6" type="cond" truecount="2" falsecount="0"/>
        <line num="129" count="2" type="cond" truecount="1" falsecount="1"/>
        <line num="130" count="2" type="cond" truecount="1" falsecount="0"/>
        <line num="131" count="2" type="stmt"/>
        <line num="134" count="4" type="cond" truecount="3" falsecount="0"/>
        <line num="137" count="9" type="stmt"/>
        <line num="141" count="4" type="stmt"/>
        <line num="142" count="3" type="stmt"/>
        <line num="145" count="3" type="stmt"/>
        <line num="146" count="6" type="stmt"/>
        <line num="147" count="3" type="stmt"/>
        <line num="148" count="3" type="stmt"/>
        <line num="150" count="0" type="stmt"/>
        <line num="151" count="0" type="cond" truecount="0" falsecount="3"/>
        <line num="153" count="0" type="stmt"/>
        <line num="154" count="0" type="stmt"/>
        <line num="156" count="0" type="stmt"/>
        <line num="157" count="0" type="stmt"/>
        <line num="159" count="0" type="stmt"/>
        <line num="161" count="0" type="stmt"/>
        <line num="162" count="0" type="stmt"/>
        <line num="163" count="0" type="stmt"/>
        <line num="167" count="3" type="cond" truecount="1" falsecount="1"/>
        <line num="168" count="3" type="stmt"/>
        <line num="169" count="0" type="cond" truecount="0" falsecount="2"/>
        <line num="170" count="0" type="stmt"/>
        <line num="172" count="0" type="stmt"/>
        <line num="173" count="0" type="stmt"/>
        <line num="174" count="0" type="stmt"/>
        <line num="176" count="0" type="stmt"/>
        <line num="177" count="0" type="stmt"/>
        <line num="178" count="0" type="stmt"/>
      </file>
    </package>
    <package name="src.__tests__">
      <metrics statements="8" coveredstatements="7" conditionals="1" coveredconditionals="1" methods="3" coveredmethods="2"/>
      <file name="setup.ts" path="/Users/stephenzweibel/Apps/web-reader/src/__tests__/setup.ts">
        <metrics statements="8" coveredstatements="7" conditionals="1" coveredconditionals="1" methods="3" coveredmethods="2"/>
        <line num="1" count="1" type="stmt"/>
        <line num="4" count="1" type="stmt"/>
        <line num="6" count="25" type="stmt"/>
        <line num="7" count="25" type="cond" truecount="1" falsecount="0"/>
        <line num="8" count="25" type="stmt"/>
        <line num="10" count="25" type="stmt"/>
        <line num="12" count="0" type="stmt"/>
        <line num="15" count="1" type="stmt"/>
      </file>
    </package>
  </project>
</coverage>
