{"/Users/stephenzweibel/Apps/web-reader/src/utils.ts": {"path":"/Users/stephenzweibel/Apps/web-reader/src/utils.ts","statementMap":{"0":{"start":{"line":93,"column":0},"end":{"line":93,"column":7}},"1":{"start":{"line":99,"column":0},"end":{"line":99,"column":7}},"2":{"start":{"line":103,"column":0},"end":{"line":103,"column":7}},"3":{"start":{"line":107,"column":0},"end":{"line":107,"column":16}},"4":{"start":{"line":141,"column":0},"end":{"line":141,"column":7}},"5":{"start":{"line":2,"column":0},"end":{"line":2,"column":30}},"6":{"start":{"line":12,"column":10},"end":{"line":12,"column":121}},"7":{"start":{"line":13,"column":10},"end":{"line":13,"column":27}},"8":{"start":{"line":14,"column":10},"end":{"line":14,"column":60}},"9":{"start":{"line":17,"column":4},"end":{"line":19,"column":5}},"10":{"start":{"line":18,"column":6},"end":{"line":18,"column":18}},"11":{"start":{"line":21,"column":4},"end":{"line":41,"column":7}},"12":{"start":{"line":22,"column":19},"end":{"line":22,"column":53}},"13":{"start":{"line":24,"column":6},"end":{"line":38,"column":7}},"14":{"start":{"line":25,"column":8},"end":{"line":25,"column":33}},"15":{"start":{"line":26,"column":13},"end":{"line":38,"column":7}},"16":{"start":{"line":27,"column":8},"end":{"line":27,"column":30}},"17":{"start":{"line":30,"column":33},"end":{"line":32,"column":28}},"18":{"start":{"line":31,"column":31},"end":{"line":31,"column":60}},"19":{"start":{"line":33,"column":8},"end":{"line":37,"column":9}},"20":{"start":{"line":34,"column":10},"end":{"line":34,"column":59}},"21":{"start":{"line":36,"column":10},"end":{"line":36,"column":35}},"22":{"start":{"line":40,"column":6},"end":{"line":40,"column":26}},"23":{"start":{"line":45,"column":4},"end":{"line":45,"column":57}},"24":{"start":{"line":45,"column":50},"end":{"line":45,"column":57}},"25":{"start":{"line":47,"column":4},"end":{"line":47,"column":25}},"26":{"start":{"line":48,"column":47},"end":{"line":48,"column":66}},"27":{"start":{"line":50,"column":4},"end":{"line":74,"column":5}},"28":{"start":{"line":51,"column":18},"end":{"line":51,"column":47}},"29":{"start":{"line":51,"column":19},"end":{"line":51,"column":38}},"30":{"start":{"line":52,"column":6},"end":{"line":52,"column":31}},"31":{"start":{"line":54,"column":6},"end":{"line":65,"column":9}},"32":{"start":{"line":55,"column":21},"end":{"line":55,"column":74}},"33":{"start":{"line":56,"column":8},"end":{"line":64,"column":10}},"34":{"start":{"line":61,"column":12},"end":{"line":62,"column":23}},"35":{"start":{"line":61,"column":21},"end":{"line":61,"column":41}},"36":{"start":{"line":62,"column":17},"end":{"line":62,"column":23}},"37":{"start":{"line":67,"column":6},"end":{"line":67,"column":16}},"38":{"start":{"line":69,"column":6},"end":{"line":69,"column":72}},"39":{"start":{"line":71,"column":6},"end":{"line":71,"column":28}},"40":{"start":{"line":72,"column":6},"end":{"line":72,"column":32}},"41":{"start":{"line":73,"column":6},"end":{"line":73,"column":26}},"42":{"start":{"line":78,"column":16},"end":{"line":78,"column":45}},"43":{"start":{"line":78,"column":17},"end":{"line":78,"column":36}},"44":{"start":{"line":79,"column":4},"end":{"line":79,"column":15}},"45":{"start":{"line":80,"column":4},"end":{"line":82,"column":5}},"46":{"start":{"line":81,"column":6},"end":{"line":81,"column":32}},"47":{"start":{"line":86,"column":4},"end":{"line":86,"column":20}},"48":{"start":{"line":87,"column":4},"end":{"line":87,"column":22}},"49":{"start":{"line":91,"column":20},"end":{"line":91,"column":37}},"50":{"start":{"line":95,"column":34},"end":{"line":95,"column":41}},"51":{"start":{"line":96,"column":2},"end":{"line":96,"column":52}},"52":{"start":{"line":100,"column":2},"end":{"line":100,"column":27}},"53":{"start":{"line":104,"column":2},"end":{"line":104,"column":28}},"54":{"start":{"line":108,"column":2},"end":{"line":108,"column":62}},"55":{"start":{"line":108,"column":16},"end":{"line":108,"column":62}},"56":{"start":{"line":110,"column":2},"end":{"line":138,"column":5}},"57":{"start":{"line":111,"column":16},"end":{"line":111,"column":40}},"58":{"start":{"line":112,"column":17},"end":{"line":112,"column":40}},"59":{"start":{"line":113,"column":22},"end":{"line":113,"column":51}},"60":{"start":{"line":114,"column":17},"end":{"line":114,"column":45}},"61":{"start":{"line":116,"column":22},"end":{"line":116,"column":24}},"62":{"start":{"line":117,"column":17},"end":{"line":117,"column":40}},"63":{"start":{"line":118,"column":19},"end":{"line":118,"column":48}},"64":{"start":{"line":119,"column":21},"end":{"line":119,"column":104}},"65":{"start":{"line":121,"column":4},"end":{"line":135,"column":5}},"66":{"start":{"line":122,"column":6},"end":{"line":122,"column":36}},"67":{"start":{"line":123,"column":11},"end":{"line":135,"column":5}},"68":{"start":{"line":124,"column":6},"end":{"line":124,"column":38}},"69":{"start":{"line":125,"column":6},"end":{"line":127,"column":7}},"70":{"start":{"line":126,"column":8},"end":{"line":126,"column":37}},"71":{"start":{"line":128,"column":11},"end":{"line":135,"column":5}},"72":{"start":{"line":129,"column":6},"end":{"line":129,"column":46}},"73":{"start":{"line":130,"column":6},"end":{"line":132,"column":7}},"74":{"start":{"line":131,"column":8},"end":{"line":131,"column":36}},"75":{"start":{"line":134,"column":6},"end":{"line":134,"column":46}},"76":{"start":{"line":137,"column":4},"end":{"line":137,"column":23}},"77":{"start":{"line":142,"column":2},"end":{"line":142,"column":51}},"78":{"start":{"line":145,"column":2},"end":{"line":164,"column":3}},"79":{"start":{"line":146,"column":22},"end":{"line":146,"column":47}},"80":{"start":{"line":147,"column":4},"end":{"line":147,"column":37}},"81":{"start":{"line":148,"column":4},"end":{"line":148,"column":56}},"82":{"start":{"line":150,"column":30},"end":{"line":150,"column":32}},"83":{"start":{"line":151,"column":4},"end":{"line":160,"column":5}},"84":{"start":{"line":153,"column":8},"end":{"line":153,"column":54}},"85":{"start":{"line":154,"column":8},"end":{"line":154,"column":14}},"86":{"start":{"line":156,"column":8},"end":{"line":156,"column":103}},"87":{"start":{"line":157,"column":8},"end":{"line":157,"column":14}},"88":{"start":{"line":159,"column":8},"end":{"line":159,"column":105}},"89":{"start":{"line":161,"column":4},"end":{"line":161,"column":73}},"90":{"start":{"line":162,"column":4},"end":{"line":162,"column":39}},"91":{"start":{"line":163,"column":4},"end":{"line":163,"column":20}},"92":{"start":{"line":167,"column":2},"end":{"line":180,"column":3}},"93":{"start":{"line":168,"column":4},"end":{"line":168,"column":80}},"94":{"start":{"line":169,"column":9},"end":{"line":180,"column":3}},"95":{"start":{"line":170,"column":4},"end":{"line":170,"column":75}},"96":{"start":{"line":172,"column":4},"end":{"line":179,"column":5}},"97":{"start":{"line":173,"column":6},"end":{"line":173,"column":26}},"98":{"start":{"line":174,"column":6},"end":{"line":174,"column":56}},"99":{"start":{"line":176,"column":6},"end":{"line":176,"column":83}},"100":{"start":{"line":177,"column":6},"end":{"line":177,"column":123}},"101":{"start":{"line":178,"column":6},"end":{"line":178,"column":22}}},"fnMap":{"0":{"name":"(anonymous_9)","decl":{"start":{"line":11,"column":0},"end":{"line":11,"column":6}},"loc":{"start":{"line":11,"column":0},"end":{"line":89,"column":1}}},"1":{"name":"(anonymous_10)","decl":{"start":{"line":16,"column":2},"end":{"line":16,"column":7}},"loc":{"start":{"line":16,"column":55},"end":{"line":42,"column":3}}},"2":{"name":"(anonymous_11)","decl":{"start":{"line":21,"column":23},"end":{"line":21,"column":24}},"loc":{"start":{"line":21,"column":43},"end":{"line":41,"column":5}}},"3":{"name":"(anonymous_12)","decl":{"start":{"line":31,"column":15},"end":{"line":31,"column":16}},"loc":{"start":{"line":31,"column":31},"end":{"line":31,"column":60}}},"4":{"name":"(anonymous_13)","decl":{"start":{"line":44,"column":10},"end":{"line":44,"column":15}},"loc":{"start":{"line":44,"column":28},"end":{"line":75,"column":3}}},"5":{"name":"(anonymous_14)","decl":{"start":{"line":51,"column":19},"end":{"line":51,"column":32}},"loc":{"start":{"line":51,"column":19},"end":{"line":51,"column":38}}},"6":{"name":"(anonymous_15)","decl":{"start":{"line":54,"column":30},"end":{"line":54,"column":31}},"loc":{"start":{"line":54,"column":43},"end":{"line":65,"column":7}}},"7":{"name":"(anonymous_16)","decl":{"start":{"line":60,"column":10},"end":{"line":60,"column":11}},"loc":{"start":{"line":60,"column":26},"end":{"line":63,"column":11}}},"8":{"name":"(anonymous_17)","decl":{"start":{"line":77,"column":2},"end":{"line":77,"column":7}},"loc":{"start":{"line":77,"column":12},"end":{"line":83,"column":3}}},"9":{"name":"(anonymous_18)","decl":{"start":{"line":78,"column":17},"end":{"line":78,"column":30}},"loc":{"start":{"line":78,"column":17},"end":{"line":78,"column":36}}},"10":{"name":"(anonymous_19)","decl":{"start":{"line":85,"column":2},"end":{"line":85,"column":7}},"loc":{"start":{"line":85,"column":13},"end":{"line":88,"column":3}}},"11":{"name":"speak","decl":{"start":{"line":93,"column":22},"end":{"line":93,"column":27}},"loc":{"start":{"line":93,"column":69},"end":{"line":97,"column":1}}},"12":{"name":"stopSpeech","decl":{"start":{"line":99,"column":22},"end":{"line":99,"column":32}},"loc":{"start":{"line":99,"column":32},"end":{"line":101,"column":1}}},"13":{"name":"clearSpeechQueue","decl":{"start":{"line":103,"column":22},"end":{"line":103,"column":38}},"loc":{"start":{"line":103,"column":38},"end":{"line":105,"column":1}}},"14":{"name":"getElementDescription","decl":{"start":{"line":107,"column":16},"end":{"line":107,"column":37}},"loc":{"start":{"line":107,"column":67},"end":{"line":139,"column":1}}},"15":{"name":"(anonymous_24)","decl":{"start":{"line":110,"column":26},"end":{"line":110,"column":27}},"loc":{"start":{"line":110,"column":33},"end":{"line":138,"column":3}}},"16":{"name":"checkDependencies","decl":{"start":{"line":141,"column":22},"end":{"line":141,"column":39}},"loc":{"start":{"line":141,"column":39},"end":{"line":181,"column":1}}},"17":{"name":"(anonymous_26)","decl":{"start":{"line":146,"column":22},"end":{"line":146,"column":35}},"loc":{"start":{"line":146,"column":22},"end":{"line":146,"column":47}}}},"branchMap":{"0":{"loc":{"start":{"line":16,"column":28},"end":{"line":16,"column":55}},"type":"default-arg","locations":[{"start":{"line":16,"column":53},"end":{"line":16,"column":55}}]},"1":{"loc":{"start":{"line":17,"column":4},"end":{"line":19,"column":5}},"type":"if","locations":[{"start":{"line":17,"column":4},"end":{"line":19,"column":5}}]},"2":{"loc":{"start":{"line":17,"column":8},"end":{"line":17,"column":42}},"type":"binary-expr","locations":[{"start":{"line":17,"column":8},"end":{"line":17,"column":25}},{"start":{"line":17,"column":29},"end":{"line":17,"column":42}}]},"3":{"loc":{"start":{"line":24,"column":6},"end":{"line":38,"column":7}},"type":"if","locations":[{"start":{"line":24,"column":6},"end":{"line":38,"column":7}},{"start":{"line":26,"column":13},"end":{"line":38,"column":7}}]},"4":{"loc":{"start":{"line":26,"column":13},"end":{"line":38,"column":7}},"type":"if","locations":[{"start":{"line":26,"column":13},"end":{"line":38,"column":7}},{"start":{"line":28,"column":13},"end":{"line":38,"column":7}}]},"5":{"loc":{"start":{"line":33,"column":8},"end":{"line":37,"column":9}},"type":"if","locations":[{"start":{"line":33,"column":8},"end":{"line":37,"column":9}},{"start":{"line":35,"column":15},"end":{"line":37,"column":9}}]},"6":{"loc":{"start":{"line":45,"column":4},"end":{"line":45,"column":57}},"type":"if","locations":[{"start":{"line":45,"column":4},"end":{"line":45,"column":57}}]},"7":{"loc":{"start":{"line":45,"column":8},"end":{"line":45,"column":48}},"type":"binary-expr","locations":[{"start":{"line":45,"column":8},"end":{"line":45,"column":21}},{"start":{"line":45,"column":25},"end":{"line":45,"column":48}}]},"8":{"loc":{"start":{"line":55,"column":21},"end":{"line":55,"column":74}},"type":"cond-expr","locations":[{"start":{"line":55,"column":56},"end":{"line":55,"column":68}},{"start":{"line":55,"column":71},"end":{"line":55,"column":74}}]},"9":{"loc":{"start":{"line":61,"column":12},"end":{"line":62,"column":23}},"type":"if","locations":[{"start":{"line":61,"column":12},"end":{"line":62,"column":23}},{"start":{"line":62,"column":17},"end":{"line":62,"column":23}}]},"10":{"loc":{"start":{"line":69,"column":13},"end":{"line":69,"column":70}},"type":"cond-expr","locations":[{"start":{"line":69,"column":38},"end":{"line":69,"column":43}},{"start":{"line":69,"column":46},"end":{"line":69,"column":70}}]},"11":{"loc":{"start":{"line":80,"column":4},"end":{"line":82,"column":5}},"type":"if","locations":[{"start":{"line":80,"column":4},"end":{"line":82,"column":5}}]},"12":{"loc":{"start":{"line":93,"column":42},"end":{"line":93,"column":69}},"type":"default-arg","locations":[{"start":{"line":93,"column":67},"end":{"line":93,"column":69}}]},"13":{"loc":{"start":{"line":95,"column":10},"end":{"line":95,"column":20}},"type":"default-arg","locations":[{"start":{"line":95,"column":17},"end":{"line":95,"column":20}}]},"14":{"loc":{"start":{"line":108,"column":2},"end":{"line":108,"column":62}},"type":"if","locations":[{"start":{"line":108,"column":2},"end":{"line":108,"column":62}}]},"15":{"loc":{"start":{"line":114,"column":17},"end":{"line":114,"column":45}},"type":"binary-expr","locations":[{"start":{"line":114,"column":17},"end":{"line":114,"column":39}},{"start":{"line":114,"column":43},"end":{"line":114,"column":45}}]},"16":{"loc":{"start":{"line":119,"column":21},"end":{"line":119,"column":104}},"type":"binary-expr","locations":[{"start":{"line":119,"column":21},"end":{"line":119,"column":57}},{"start":{"line":119,"column":61},"end":{"line":119,"column":104}}]},"17":{"loc":{"start":{"line":121,"column":4},"end":{"line":135,"column":5}},"type":"if","locations":[{"start":{"line":121,"column":4},"end":{"line":135,"column":5}},{"start":{"line":123,"column":11},"end":{"line":135,"column":5}}]},"18":{"loc":{"start":{"line":123,"column":11},"end":{"line":135,"column":5}},"type":"if","locations":[{"start":{"line":123,"column":11},"end":{"line":135,"column":5}},{"start":{"line":128,"column":11},"end":{"line":135,"column":5}}]},"19":{"loc":{"start":{"line":124,"column":20},"end":{"line":124,"column":37}},"type":"binary-expr","locations":[{"start":{"line":124,"column":20},"end":{"line":124,"column":29}},{"start":{"line":124,"column":33},"end":{"line":124,"column":37}}]},"20":{"loc":{"start":{"line":125,"column":6},"end":{"line":127,"column":7}},"type":"if","locations":[{"start":{"line":125,"column":6},"end":{"line":127,"column":7}}]},"21":{"loc":{"start":{"line":128,"column":11},"end":{"line":135,"column":5}},"type":"if","locations":[{"start":{"line":128,"column":11},"end":{"line":135,"column":5}},{"start":{"line":133,"column":11},"end":{"line":135,"column":5}}]},"22":{"loc":{"start":{"line":129,"column":23},"end":{"line":129,"column":37}},"type":"binary-expr","locations":[{"start":{"line":129,"column":23},"end":{"line":129,"column":27}},{"start":{"line":129,"column":31},"end":{"line":129,"column":37}}]},"23":{"loc":{"start":{"line":130,"column":6},"end":{"line":132,"column":7}},"type":"if","locations":[{"start":{"line":130,"column":6},"end":{"line":132,"column":7}}]},"24":{"loc":{"start":{"line":134,"column":20},"end":{"line":134,"column":45}},"type":"binary-expr","locations":[{"start":{"line":134,"column":20},"end":{"line":134,"column":29}},{"start":{"line":134,"column":33},"end":{"line":134,"column":37}},{"start":{"line":134,"column":41},"end":{"line":134,"column":45}}]},"25":{"loc":{"start":{"line":151,"column":4},"end":{"line":160,"column":5}},"type":"switch","locations":[{"start":{"line":152,"column":6},"end":{"line":154,"column":14}},{"start":{"line":155,"column":6},"end":{"line":157,"column":14}},{"start":{"line":158,"column":6},"end":{"line":159,"column":105}}]},"26":{"loc":{"start":{"line":167,"column":2},"end":{"line":180,"column":3}},"type":"if","locations":[{"start":{"line":167,"column":2},"end":{"line":180,"column":3}},{"start":{"line":169,"column":9},"end":{"line":180,"column":3}}]},"27":{"loc":{"start":{"line":169,"column":9},"end":{"line":180,"column":3}},"type":"if","locations":[{"start":{"line":169,"column":9},"end":{"line":180,"column":3}},{"start":{"line":171,"column":9},"end":{"line":180,"column":3}}]}},"s":{"0":4,"1":4,"2":4,"3":4,"4":4,"5":4,"6":4,"7":4,"8":4,"9":28,"10":3,"11":28,"12":28,"13":28,"14":7,"15":21,"16":3,"17":18,"18":1,"19":18,"20":0,"21":18,"22":28,"23":56,"24":28,"25":28,"26":28,"27":28,"28":28,"29":28,"30":28,"31":28,"32":28,"33":28,"34":27,"35":2,"36":25,"37":25,"38":3,"39":28,"40":28,"41":28,"42":6,"43":6,"44":6,"45":6,"46":2,"47":2,"48":2,"49":4,"50":28,"51":28,"52":1,"53":2,"54":10,"55":1,"56":9,"57":9,"58":9,"59":9,"60":9,"61":9,"62":9,"63":9,"64":9,"65":9,"66":1,"67":8,"68":2,"69":2,"70":2,"71":6,"72":2,"73":2,"74":2,"75":4,"76":9,"77":3,"78":3,"79":6,"80":3,"81":3,"82":0,"83":0,"84":0,"85":0,"86":0,"87":0,"88":0,"89":0,"90":0,"91":0,"92":3,"93":3,"94":0,"95":0,"96":0,"97":0,"98":0,"99":0,"100":0,"101":0},"f":{"0":4,"1":28,"2":28,"3":1,"4":56,"5":28,"6":28,"7":27,"8":6,"9":6,"10":2,"11":28,"12":1,"13":2,"14":10,"15":9,"16":3,"17":3},"b":{"0":[0],"1":[3],"2":[28,3],"3":[7,21],"4":[3,18],"5":[0,18],"6":[28],"7":[56,51],"8":[28,0],"9":[2,25],"10":[3,0],"11":[2],"12":[13],"13":[27],"14":[1],"15":[9,3],"16":[9,7],"17":[1,8],"18":[2,6],"19":[2,1],"20":[2],"21":[2,4],"22":[2,0],"23":[2],"24":[4,3,2],"25":[0,0,0],"26":[3,0],"27":[0,0]}}
,"/Users/stephenzweibel/Apps/web-reader/src/__tests__/setup.ts": {"path":"/Users/stephenzweibel/Apps/web-reader/src/__tests__/setup.ts","statementMap":{"0":{"start":{"line":1,"column":0},"end":{"line":1,"column":37}},"1":{"start":{"line":15,"column":0},"end":{"line":15,"column":32}},"2":{"start":{"line":15,"column":23},"end":{"line":15,"column":30}},"3":{"start":{"line":4,"column":13},"end":{"line":13,"column":2}},"4":{"start":{"line":6,"column":21},"end":{"line":6,"column":42}},"5":{"start":{"line":7,"column":4},"end":{"line":9,"column":5}},"6":{"start":{"line":8,"column":6},"end":{"line":8,"column":17}},"7":{"start":{"line":10,"column":4},"end":{"line":10,"column":29}},"8":{"start":{"line":12,"column":43},"end":{"line":12,"column":60}}},"fnMap":{"0":{"name":"(anonymous_0)","decl":{"start":{"line":15,"column":17},"end":{"line":15,"column":20}},"loc":{"start":{"line":15,"column":23},"end":{"line":15,"column":30}}},"1":{"name":"(anonymous_1)","decl":{"start":{"line":5,"column":38},"end":{"line":5,"column":39}},"loc":{"start":{"line":5,"column":57},"end":{"line":11,"column":3}}},"2":{"name":"(anonymous_2)","decl":{"start":{"line":12,"column":37},"end":{"line":12,"column":40}},"loc":{"start":{"line":12,"column":43},"end":{"line":12,"column":60}}}},"branchMap":{"0":{"loc":{"start":{"line":7,"column":4},"end":{"line":9,"column":5}},"type":"if","locations":[{"start":{"line":7,"column":4},"end":{"line":9,"column":5}}]}},"s":{"0":1,"1":1,"2":1,"3":1,"4":25,"5":25,"6":25,"7":25,"8":0},"f":{"0":1,"1":25,"2":0},"b":{"0":[25]}}
}
