TN:
SF:src/utils.ts
FN:11,(anonymous_9)
FN:16,(anonymous_10)
FN:21,(anonymous_11)
FN:31,(anonymous_12)
FN:44,(anonymous_13)
FN:51,(anonymous_14)
FN:54,(anonymous_15)
FN:60,(anonymous_16)
FN:77,(anonymous_17)
FN:78,(anonymous_18)
FN:85,(anonymous_19)
FN:93,speak
FN:99,stopSpeech
FN:103,clearSpeechQueue
FN:107,getElementDescription
FN:110,(anonymous_24)
FN:141,checkDependencies
FN:146,(anonymous_26)
FNF:18
FNH:18
FNDA:4,(anonymous_9)
FNDA:28,(anonymous_10)
FNDA:28,(anonymous_11)
FNDA:1,(anonymous_12)
FNDA:56,(anonymous_13)
FNDA:28,(anonymous_14)
FNDA:28,(anonymous_15)
FNDA:27,(anonymous_16)
FNDA:6,(anonymous_17)
FNDA:6,(anonymous_18)
FNDA:2,(anonymous_19)
FNDA:28,speak
FNDA:1,stopSpeech
FNDA:2,clearSpeechQueue
FNDA:10,getElementDescription
FNDA:9,(anonymous_24)
FNDA:3,checkDependencies
FNDA:3,(anonymous_26)
DA:2,4
DA:12,4
DA:13,4
DA:14,4
DA:17,28
DA:18,3
DA:21,28
DA:22,28
DA:24,28
DA:25,7
DA:26,21
DA:27,3
DA:30,18
DA:31,1
DA:33,18
DA:34,0
DA:36,18
DA:40,28
DA:45,56
DA:47,28
DA:48,28
DA:50,28
DA:51,28
DA:52,28
DA:54,28
DA:55,28
DA:56,28
DA:61,27
DA:62,25
DA:67,25
DA:69,3
DA:71,28
DA:72,28
DA:73,28
DA:78,6
DA:79,6
DA:80,6
DA:81,2
DA:86,2
DA:87,2
DA:91,4
DA:93,4
DA:95,28
DA:96,28
DA:99,4
DA:100,1
DA:103,4
DA:104,2
DA:107,4
DA:108,10
DA:110,9
DA:111,9
DA:112,9
DA:113,9
DA:114,9
DA:116,9
DA:117,9
DA:118,9
DA:119,9
DA:121,9
DA:122,1
DA:123,8
DA:124,2
DA:125,2
DA:126,2
DA:128,6
DA:129,2
DA:130,2
DA:131,2
DA:134,4
DA:137,9
DA:141,4
DA:142,3
DA:145,3
DA:146,6
DA:147,3
DA:148,3
DA:150,0
DA:151,0
DA:153,0
DA:154,0
DA:156,0
DA:157,0
DA:159,0
DA:161,0
DA:162,0
DA:163,0
DA:167,3
DA:168,3
DA:169,0
DA:170,0
DA:172,0
DA:173,0
DA:174,0
DA:176,0
DA:177,0
DA:178,0
LF:97
LH:78
BRDA:16,0,0,0
BRDA:17,1,0,3
BRDA:17,2,0,28
BRDA:17,2,1,3
BRDA:24,3,0,7
BRDA:24,3,1,21
BRDA:26,4,0,3
BRDA:26,4,1,18
BRDA:33,5,0,0
BRDA:33,5,1,18
BRDA:45,6,0,28
BRDA:45,7,0,56
BRDA:45,7,1,51
BRDA:55,8,0,28
BRDA:55,8,1,0
BRDA:61,9,0,2
BRDA:61,9,1,25
BRDA:69,10,0,3
BRDA:69,10,1,0
BRDA:80,11,0,2
BRDA:93,12,0,13
BRDA:95,13,0,27
BRDA:108,14,0,1
BRDA:114,15,0,9
BRDA:114,15,1,3
BRDA:119,16,0,9
BRDA:119,16,1,7
BRDA:121,17,0,1
BRDA:121,17,1,8
BRDA:123,18,0,2
BRDA:123,18,1,6
BRDA:124,19,0,2
BRDA:124,19,1,1
BRDA:125,20,0,2
BRDA:128,21,0,2
BRDA:128,21,1,4
BRDA:129,22,0,2
BRDA:129,22,1,0
BRDA:130,23,0,2
BRDA:134,24,0,4
BRDA:134,24,1,3
BRDA:134,24,2,2
BRDA:151,25,0,0
BRDA:151,25,1,0
BRDA:151,25,2,0
BRDA:167,26,0,3
BRDA:167,26,1,0
BRDA:169,27,0,0
BRDA:169,27,1,0
BRF:49
BRH:38
end_of_record
TN:
SF:src/__tests__/setup.ts
FN:15,(anonymous_0)
FN:5,(anonymous_1)
FN:12,(anonymous_2)
FNF:3
FNH:2
FNDA:1,(anonymous_0)
FNDA:25,(anonymous_1)
FNDA:0,(anonymous_2)
DA:1,1
DA:4,1
DA:6,25
DA:7,25
DA:8,25
DA:10,25
DA:12,0
DA:15,1
LF:8
LH:7
BRDA:7,0,0,25
BRF:1
BRH:1
end_of_record
